{"name": "test_Academic_libraries_demo", "status": "broken", "statusDetails": {"message": "selenium.common.exceptions.TimeoutException: Message: a[href=#password] not find", "trace": "self = <test_main.TestClass object at 0x7f069ec13f10>\n\n    @allure.story(load_dict[5]['name'])\n    def test_Academic_libraries_demo(self):\n        username = 'i=>username1'\n        username_type, username_value = self.str_split(username)\n        username_text = load_dict[5]['account']\n        pwd = 'i=>passwd1'\n        pwd_type, pwd_value = self.str_split(pwd)\n        pwd_text = load_dict[5]['pwd']\n        btn = 'i=>sub_1'\n        btn_type, btn_value = self.str_split(btn)\n        browser = BrowserEngine()\n        browser.open_browser(load_dict[5]['url'])\n        driver = BasePage(browser.driver)\n        login_a = 'c=>sign-in'\n        login_a_type, login_a_value = self.str_split(login_a)\n        wait_element(browser.driver, 30, 1, login_a_type, login_a_value)\n        driver.click(login_a)\n        pwd_login_a = 's=>a[href=#password]'\n        pwd_login_a_type, pwd_login_a_value = self.str_split(pwd_login_a)\n>       wait_element(browser.driver, 30, 1, pwd_login_a_type, pwd_login_a_value)\n\ntest_main.py:115: \n_ _ _ _ _ _ _ _ _ _ _ _ _ _ _ _ _ _ _ _ _ _ _ _ _ _ _ _ _ _ _ _ _ _ _ _ _ _ _ _ \nframework/base_page.py:29: in wait_element\n    wait.until(EC.presence_of_all_elements_located((By.CSS_SELECTOR, selector)), \"%s not find\" % selector)\n_ _ _ _ _ _ _ _ _ _ _ _ _ _ _ _ _ _ _ _ _ _ _ _ _ _ _ _ _ _ _ _ _ _ _ _ _ _ _ _ \n\nself = <selenium.webdriver.support.wait.WebDriverWait (session=\"680e35956b29bfef7d7739c844d771a0\")>\nmethod = <selenium.webdriver.support.expected_conditions.presence_of_all_elements_located object at 0x7f069eefb7c0>\nmessage = 'a[href=#password] not find'\n\n    def until(self, method, message=''):\n        \"\"\"Calls the method provided with the driver as an argument until the \\\n        return value is not False.\"\"\"\n        screen = None\n        stacktrace = None\n    \n        end_time = time.time() + self._timeout\n        while True:\n            try:\n                value = method(self._driver)\n                if value:\n                    return value\n            except self._ignored_exceptions as exc:\n                screen = getattr(exc, 'screen', None)\n                stacktrace = getattr(exc, 'stacktrace', None)\n            time.sleep(self._poll)\n            if time.time() > end_time:\n                break\n>       raise TimeoutException(message, screen, stacktrace)\nE       selenium.common.exceptions.TimeoutException: Message: a[href=#password] not find\n\n/root/anaconda3/envs/demo_env_autotest/lib/python3.8/site-packages/selenium/webdriver/support/wait.py:80: TimeoutException"}, "steps": [{"name": "打开浏览器", "status": "passed", "attachments": [{"name": "操作信息", "source": "f13b543e-7fc4-42ef-b852-d0d949812ff1-attachment.attach"}], "parameters": [{"name": "url", "value": "'http://xsdc2.casdc.com/widgets/Encyclopedia_PC'"}], "start": 1621142361187, "stop": 1621142362984}, {"name": "等待元素", "status": "passed", "attachments": [{"name": "操作信息", "source": "7fd6816e-18bf-4a28-9b7d-cc408eb39192-attachment.attach"}], "parameters": [{"name": "driver", "value": "<selenium.webdriver.chrome.webdriver.WebDriver (session=\"680e35956b29bfef7d7739c844d771a0\")>"}, {"name": "wait_time", "value": "30"}, {"name": "step", "value": "1"}, {"name": "selector_tpye", "value": "'c'"}, {"name": "selector", "value": "'sign-in'"}], "start": 1621142362985, "stop": 1621142362994}, {"name": "点击元素", "status": "passed", "attachments": [{"name": "操作信息", "source": "a98604f9-d3cc-4aa0-84e4-48b699e10431-attachment.attach"}], "parameters": [{"name": "selector", "value": "'c=>sign-in'"}], "start": 1621142362994, "stop": 1621142363254}, {"name": "等待元素", "status": "broken", "statusDetails": {"message": "selenium.common.exceptions.TimeoutException: Message: a[href=#password] not find\n\n", "trace": "  File \"/root/anaconda3/envs/demo_env_autotest/lib/python3.8/site-packages/allure_commons/_allure.py\", line 172, in impl\n    return func(*a, **kw)\n  File \"/root/ceshibu/demo_environment_automation/framework/base_page.py\", line 29, in wait_element\n    wait.until(EC.presence_of_all_elements_located((By.CSS_SELECTOR, selector)), \"%s not find\" % selector)\n  File \"/root/anaconda3/envs/demo_env_autotest/lib/python3.8/site-packages/selenium/webdriver/support/wait.py\", line 80, in until\n    raise TimeoutException(message, screen, stacktrace)\n"}, "attachments": [{"name": "操作信息", "source": "250118b4-e2c9-41c6-9c36-f4ae61217af2-attachment.attach"}], "parameters": [{"name": "driver", "value": "<selenium.webdriver.chrome.webdriver.WebDriver (session=\"680e35956b29bfef7d7739c844d771a0\")>"}, {"name": "wait_time", "value": "30"}, {"name": "step", "value": "1"}, {"name": "selector_tpye", "value": "'s'"}, {"name": "selector", "value": "'a[href=#password]'"}], "start": 1621142363254, "stop": 1621142393469}], "attachments": [{"name": "log", "source": "628dfd90-1a2e-493d-8dd5-8e60cecc48f5-attachment.txt", "type": "text/plain"}, {"name": "stderr", "source": "d6ba9f1c-0ba9-4dff-8bc0-e5c862a64568-attachment.txt", "type": "text/plain"}], "start": 1621142360068, "stop": 1621142393470, "uuid": "71b2bf42-eb17-42c6-8439-24cbd2eb384b", "historyId": "854eda620d61100b32fa215388ab7065", "testCaseId": "efcc19df767b72cbee36e80d987cbbaf", "fullName": "test_main.TestClass#test_Academic_libraries_demo", "labels": [{"name": "feature", "value": "验证演示环境各链接是否活跃"}, {"name": "story", "value": "学术典藏demo"}, {"name": "suite", "value": "test_main"}, {"name": "subSuite", "value": "TestClass"}, {"name": "host", "value": "AliYun"}, {"name": "thread", "value": "12897-MainThread"}, {"name": "framework", "value": "pytest"}, {"name": "language", "value": "cpython3"}, {"name": "package", "value": "test_main"}]}