{"name": "test_Academic_libraries_demo", "status": "broken", "statusDetails": {"message": "selenium.common.exceptions.TimeoutException: Message: a[href=#password] not find", "trace": "self = <test_main.TestClass object at 0x7f5f7cbfa100>\n\n    @allure.story(load_dict[5]['name'])\n    def test_Academic_libraries_demo(self):\n        username = 'i=>username1'\n        username_type, username_value = self.str_split(username)\n        username_text = load_dict[5]['account']\n        pwd = 'i=>passwd1'\n        pwd_type, pwd_value = self.str_split(pwd)\n        pwd_text = load_dict[5]['pwd']\n        btn = 'i=>sub_1'\n        btn_type, btn_value = self.str_split(btn)\n        browser = BrowserEngine()\n        browser.open_browser(load_dict[5]['url'])\n        driver = BasePage(browser.driver)\n        login_a = 'c=>sign-in'\n        login_a_type, login_a_value = self.str_split(login_a)\n        wait_element(browser.driver, 30, 1, login_a_type, login_a_value)\n        driver.click(login_a)\n        pwd_login_a = 'x=>a[href=#password]'\n        pwd_login_a_type, pwd_login_a_value = self.str_split(pwd_login_a)\n>       wait_element(browser.driver, 30, 1, pwd_login_a_type, pwd_login_a_value)\n\ntest_main.py:115: \n_ _ _ _ _ _ _ _ _ _ _ _ _ _ _ _ _ _ _ _ _ _ _ _ _ _ _ _ _ _ _ _ _ _ _ _ _ _ _ _ _ _ _ _ _ _ _ _ _ _ _ _ _ _ _ _ _ _ _ _ _ _ _ _ _ _ _ _ _ _ _ _ _ _ _ _ _ _ _ _ _ _ _ _ _ _ _ _ _ _ _ _ _ _ _ _ _ _ _ _ _ _ _ _ _ _ _ _ _ _ _ _ _ _ _ _ _ _ _ _ _ _ _ _\nframework/base_page.py:21: in wait_element\n    wait.until(EC.visibility_of_element_located((By.XPATH, selector)), \"%s not find\" % selector)\n_ _ _ _ _ _ _ _ _ _ _ _ _ _ _ _ _ _ _ _ _ _ _ _ _ _ _ _ _ _ _ _ _ _ _ _ _ _ _ _ _ _ _ _ _ _ _ _ _ _ _ _ _ _ _ _ _ _ _ _ _ _ _ _ _ _ _ _ _ _ _ _ _ _ _ _ _ _ _ _ _ _ _ _ _ _ _ _ _ _ _ _ _ _ _ _ _ _ _ _ _ _ _ _ _ _ _ _ _ _ _ _ _ _ _ _ _ _ _ _ _ _ _ _\n\nself = <selenium.webdriver.support.wait.WebDriverWait (session=\"81b02fc17552db128597cd12fd30fe24\")>, method = <selenium.webdriver.support.expected_conditions.visibility_of_element_located object at 0x7f5f7cee1e50>\nmessage = 'a[href=#password] not find'\n\n    def until(self, method, message=''):\n        \"\"\"Calls the method provided with the driver as an argument until the \\\n        return value is not False.\"\"\"\n        screen = None\n        stacktrace = None\n    \n        end_time = time.time() + self._timeout\n        while True:\n            try:\n                value = method(self._driver)\n                if value:\n                    return value\n            except self._ignored_exceptions as exc:\n                screen = getattr(exc, 'screen', None)\n                stacktrace = getattr(exc, 'stacktrace', None)\n            time.sleep(self._poll)\n            if time.time() > end_time:\n                break\n>       raise TimeoutException(message, screen, stacktrace)\nE       selenium.common.exceptions.TimeoutException: Message: a[href=#password] not find\n\n/root/anaconda3/envs/demo_env_autotest/lib/python3.8/site-packages/selenium/webdriver/support/wait.py:80: TimeoutException"}, "steps": [{"name": "打开浏览器", "status": "passed", "attachments": [{"name": "操作信息", "source": "660b4c0b-3b80-4194-a45d-59d4a6529309-attachment.attach"}], "parameters": [{"name": "url", "value": "'http://xsdc2.casdc.com/widgets/Encyclopedia_PC'"}], "start": 1621141697550, "stop": 1621141699061}, {"name": "等待元素", "status": "passed", "attachments": [{"name": "操作信息", "source": "3a072b35-c21e-44f8-9446-c569f818297f-attachment.attach"}], "parameters": [{"name": "driver", "value": "<selenium.webdriver.chrome.webdriver.WebDriver (session=\"81b02fc17552db128597cd12fd30fe24\")>"}, {"name": "wait_time", "value": "30"}, {"name": "step", "value": "1"}, {"name": "selector_tpye", "value": "'c'"}, {"name": "selector", "value": "'sign-in'"}], "start": 1621141699061, "stop": 1621141699070}, {"name": "点击元素", "status": "passed", "attachments": [{"name": "操作信息", "source": "7612bb5e-5f3a-4b78-b245-3878861c3aa4-attachment.attach"}], "parameters": [{"name": "selector", "value": "'c=>sign-in'"}], "start": 1621141699070, "stop": 1621141699253}, {"name": "等待元素", "status": "broken", "statusDetails": {"message": "selenium.common.exceptions.TimeoutException: Message: a[href=#password] not find\n\n", "trace": "  File \"/root/anaconda3/envs/demo_env_autotest/lib/python3.8/site-packages/allure_commons/_allure.py\", line 172, in impl\n    return func(*a, **kw)\n  File \"/root/ceshibu/demo_environment_automation/framework/base_page.py\", line 21, in wait_element\n    wait.until(EC.visibility_of_element_located((By.XPATH, selector)), \"%s not find\" % selector)\n  File \"/root/anaconda3/envs/demo_env_autotest/lib/python3.8/site-packages/selenium/webdriver/support/wait.py\", line 80, in until\n    raise TimeoutException(message, screen, stacktrace)\n"}, "attachments": [{"name": "操作信息", "source": "567fbdde-ed41-4982-9a78-f4666884292e-attachment.attach"}], "parameters": [{"name": "driver", "value": "<selenium.webdriver.chrome.webdriver.WebDriver (session=\"81b02fc17552db128597cd12fd30fe24\")>"}, {"name": "wait_time", "value": "30"}, {"name": "step", "value": "1"}, {"name": "selector_tpye", "value": "'x'"}, {"name": "selector", "value": "'a[href=#password]'"}], "start": 1621141699253, "stop": 1621141729487}], "attachments": [{"name": "log", "source": "5fe0285e-b6fc-4741-aa03-fbb97465c8de-attachment.txt", "type": "text/plain"}, {"name": "stderr", "source": "2ce4142a-b073-474f-8bae-53147eafed90-attachment.txt", "type": "text/plain"}], "start": 1621141696435, "stop": 1621141729578, "uuid": "fc59c0c8-3273-465a-8bad-cc956cebfe8c", "historyId": "854eda620d61100b32fa215388ab7065", "testCaseId": "efcc19df767b72cbee36e80d987cbbaf", "fullName": "test_main.TestClass#test_Academic_libraries_demo", "labels": [{"name": "feature", "value": "验证演示环境各链接是否活跃"}, {"name": "story", "value": "学术典藏demo"}, {"name": "suite", "value": "test_main"}, {"name": "subSuite", "value": "TestClass"}, {"name": "host", "value": "AliYun"}, {"name": "thread", "value": "31054-MainThread"}, {"name": "framework", "value": "pytest"}, {"name": "language", "value": "cpython3"}, {"name": "package", "value": "test_main"}]}