{"name": "test_Nankai_University_demo", "status": "broken", "statusDetails": {"message": "selenium.common.exceptions.TimeoutException: Message: username not find", "trace": "self = <test_main.TestClass object at 0x7f45d7f60ca0>\n\n    @allure.story(load_dict[2]['name'])\n    def test_Nankai_University_demo(self):\n        username = 'n=>username'\n        pwd = 'n=>userpass'\n        btn = 'c=>login-form-btn'\n        assert_element = 'x=>/html/body/div[1]/div[1]/div/div[1]/div/div/ul/li[1]/a/span/span[2]'\n>       self.verify(2, username, pwd, btn, assert_element)\n\ntest_main.py:82: \n_ _ _ _ _ _ _ _ _ _ _ _ _ _ _ _ _ _ _ _ _ _ _ _ _ _ _ _ _ _ _ _ _ _ _ _ _ _ _ _ _ _ _ _ _ _ _ _ _ _ _ _ _ _ _ _ _ _ _ _ _ _ _ _ _ _ _ _ _ _ _ _ _ _ _ _ _ _ _ _ _ _ _ _ _ _ _ _ _ _ _ _ _ _ _ _ _ _ _ _ _ _ _ _ _ _ _ _ _ _ _ _ _ _ _ _ _ _ _ _ _ _ _ _\ntest_main.py:46: in verify\n    wait_element(self.browser.driver, 20, 1, username_type, username_value)\nframework/base_page.py:23: in wait_element\n    wait.until(EC.visibility_of_element_located(locator=(By.NAME, selector)), \"%s not find\" % selector)\n_ _ _ _ _ _ _ _ _ _ _ _ _ _ _ _ _ _ _ _ _ _ _ _ _ _ _ _ _ _ _ _ _ _ _ _ _ _ _ _ _ _ _ _ _ _ _ _ _ _ _ _ _ _ _ _ _ _ _ _ _ _ _ _ _ _ _ _ _ _ _ _ _ _ _ _ _ _ _ _ _ _ _ _ _ _ _ _ _ _ _ _ _ _ _ _ _ _ _ _ _ _ _ _ _ _ _ _ _ _ _ _ _ _ _ _ _ _ _ _ _ _ _ _\n\nself = <selenium.webdriver.support.wait.WebDriverWait (session=\"89179dace6c46a0aa7a850b3c9457f75\")>, method = <selenium.webdriver.support.expected_conditions.visibility_of_element_located object at 0x7f45d7fd4340>, message = 'username not find'\n\n    def until(self, method, message=''):\n        \"\"\"Calls the method provided with the driver as an argument until the \\\n        return value is not False.\"\"\"\n        screen = None\n        stacktrace = None\n    \n        end_time = time.time() + self._timeout\n        while True:\n            try:\n                value = method(self._driver)\n                if value:\n                    return value\n            except self._ignored_exceptions as exc:\n                screen = getattr(exc, 'screen', None)\n                stacktrace = getattr(exc, 'stacktrace', None)\n            time.sleep(self._poll)\n            if time.time() > end_time:\n                break\n>       raise TimeoutException(message, screen, stacktrace)\nE       selenium.common.exceptions.TimeoutException: Message: username not find\n\n/root/anaconda3/envs/demo_env_autotest/lib/python3.8/site-packages/selenium/webdriver/support/wait.py:80: TimeoutException"}, "steps": [{"name": "打开浏览器", "status": "passed", "attachments": [{"name": "操作信息", "source": "deb06845-8535-4e1e-a1d5-15a3d03060eb-attachment.attach"}], "parameters": [{"name": "url", "value": "'http://122.112.243.85:9376/index/index/index/site_id/48'"}], "start": 1621221838063, "stop": 1621221839277}, {"name": "等待元素", "status": "broken", "statusDetails": {"message": "selenium.common.exceptions.TimeoutException: Message: username not find\n\n", "trace": "  File \"/root/anaconda3/envs/demo_env_autotest/lib/python3.8/site-packages/allure_commons/_allure.py\", line 172, in impl\n    return func(*a, **kw)\n  File \"/root/ceshibu/demo_environment_automation/framework/base_page.py\", line 23, in wait_element\n    wait.until(EC.visibility_of_element_located(locator=(By.NAME, selector)), \"%s not find\" % selector)\n  File \"/root/anaconda3/envs/demo_env_autotest/lib/python3.8/site-packages/selenium/webdriver/support/wait.py\", line 80, in until\n    raise TimeoutException(message, screen, stacktrace)\n"}, "attachments": [{"name": "操作信息", "source": "d3a38662-65b9-4603-81c7-1d8fc7efde5e-attachment.attach"}], "parameters": [{"name": "driver", "value": "<selenium.webdriver.chrome.webdriver.WebDriver (session=\"89179dace6c46a0aa7a850b3c9457f75\")>"}, {"name": "wait_time", "value": "20"}, {"name": "step", "value": "1"}, {"name": "selector_tpye", "value": "'n'"}, {"name": "selector", "value": "'username'"}], "start": 1621221839277, "stop": 1621221860469}], "attachments": [{"name": "log", "source": "3295b3fe-1358-4140-bfc1-304310b4b6de-attachment.txt", "type": "text/plain"}, {"name": "stderr", "source": "6203115b-8772-4976-af94-11ff3aef2e63-attachment.txt", "type": "text/plain"}], "start": 1621221838062, "stop": 1621221860470, "uuid": "aa40c5bf-0009-4c39-a38a-1bd6f7811c92", "historyId": "78697f3ed8bf412f56cc902f7b8b8a89", "testCaseId": "a6381862e50a96ac0fd098492271ff1a", "fullName": "test_main.TestClass#test_Nankai_University_demo", "labels": [{"name": "feature", "value": "验证演示环境各链接是否活跃"}, {"name": "story", "value": "南开大学"}, {"name": "suite", "value": "test_main"}, {"name": "subSuite", "value": "TestClass"}, {"name": "host", "value": "AliYun"}, {"name": "thread", "value": "2558-MainThread"}, {"name": "framework", "value": "pytest"}, {"name": "language", "value": "cpython3"}, {"name": "package", "value": "test_main"}]}