{"name": "test_Nankai_University_demo", "status": "broken", "statusDetails": {"message": "selenium.common.exceptions.TimeoutException: Message: username not find", "trace": "self = <test_main.TestClass object at 0x7fed72006d60>\n\n    @allure.story(load_dict[2]['name'])\n    def test_Nankai_University_demo(self):\n        username = 'n=>username'\n        pwd = 'n=>userpass'\n        btn = 'c=>login-form-btn'\n        assert_element = 'x=>/html/body/div[1]/div[1]/div/div[1]/div/div/ul/li[1]/a/span/span[2]'\n>       self.verify(2, username, pwd, btn, assert_element)\n\ntest_main.py:82: \n_ _ _ _ _ _ _ _ _ _ _ _ _ _ _ _ _ _ _ _ _ _ _ _ _ _ _ _ _ _ _ _ _ _ _ _ _ _ _ _ _ _ _ _ _ _ _ _ _ _ _ _ _ _ _ _ _ _ _ _ _ _ _ _ _ _ _ _ _ _ _ _ _ _ _ _ _ _ _ _ _ _ _ _ _ _ _ _ _ _ _ _ _ _ _ _ _ _ _ _ _ _ _ _ _ _ _ _ _ _ _ _ _ _ _ _ _ _ _ _ _ _ _ _\ntest_main.py:46: in verify\n    wait_element(self.browser.driver, 20, 1, username_type, username_value)\nframework/base_page.py:23: in wait_element\n    wait.until(EC.visibility_of_element_located(locator=(By.NAME, selector)), \"%s not find\" % selector)\n_ _ _ _ _ _ _ _ _ _ _ _ _ _ _ _ _ _ _ _ _ _ _ _ _ _ _ _ _ _ _ _ _ _ _ _ _ _ _ _ _ _ _ _ _ _ _ _ _ _ _ _ _ _ _ _ _ _ _ _ _ _ _ _ _ _ _ _ _ _ _ _ _ _ _ _ _ _ _ _ _ _ _ _ _ _ _ _ _ _ _ _ _ _ _ _ _ _ _ _ _ _ _ _ _ _ _ _ _ _ _ _ _ _ _ _ _ _ _ _ _ _ _ _\n\nself = <selenium.webdriver.support.wait.WebDriverWait (session=\"5b0f6529c7aba0bc4fbec89f4c854988\")>, method = <selenium.webdriver.support.expected_conditions.visibility_of_element_located object at 0x7fed7203cfa0>, message = 'username not find'\n\n    def until(self, method, message=''):\n        \"\"\"Calls the method provided with the driver as an argument until the \\\n        return value is not False.\"\"\"\n        screen = None\n        stacktrace = None\n    \n        end_time = time.time() + self._timeout\n        while True:\n            try:\n                value = method(self._driver)\n                if value:\n                    return value\n            except self._ignored_exceptions as exc:\n                screen = getattr(exc, 'screen', None)\n                stacktrace = getattr(exc, 'stacktrace', None)\n            time.sleep(self._poll)\n            if time.time() > end_time:\n                break\n>       raise TimeoutException(message, screen, stacktrace)\nE       selenium.common.exceptions.TimeoutException: Message: username not find\n\n/root/anaconda3/envs/demo_env_autotest/lib/python3.8/site-packages/selenium/webdriver/support/wait.py:80: TimeoutException"}, "steps": [{"name": "打开浏览器", "status": "passed", "attachments": [{"name": "操作信息", "source": "4b205e1b-82be-4379-a200-f5ebd84068c2-attachment.attach"}], "parameters": [{"name": "url", "value": "'http://122.112.243.85:9376/index/index/index/site_id/48'"}], "start": 1621230879382, "stop": 1621230880518}, {"name": "等待元素", "status": "broken", "statusDetails": {"message": "selenium.common.exceptions.TimeoutException: Message: username not find\n\n", "trace": "  File \"/root/anaconda3/envs/demo_env_autotest/lib/python3.8/site-packages/allure_commons/_allure.py\", line 172, in impl\n    return func(*a, **kw)\n  File \"/root/ceshibu/demo_environment_automation/framework/base_page.py\", line 23, in wait_element\n    wait.until(EC.visibility_of_element_located(locator=(By.NAME, selector)), \"%s not find\" % selector)\n  File \"/root/anaconda3/envs/demo_env_autotest/lib/python3.8/site-packages/selenium/webdriver/support/wait.py\", line 80, in until\n    raise TimeoutException(message, screen, stacktrace)\n"}, "attachments": [{"name": "操作信息", "source": "c27caa68-4cba-4e89-8811-edeb4a54c054-attachment.attach"}], "parameters": [{"name": "driver", "value": "<selenium.webdriver.chrome.webdriver.WebDriver (session=\"5b0f6529c7aba0bc4fbec89f4c854988\")>"}, {"name": "wait_time", "value": "20"}, {"name": "step", "value": "1"}, {"name": "selector_tpye", "value": "'n'"}, {"name": "selector", "value": "'username'"}], "start": 1621230880518, "stop": 1621230901755}], "attachments": [{"name": "log", "source": "f93283aa-2d4d-4290-b334-002b5baa5937-attachment.txt", "type": "text/plain"}, {"name": "stderr", "source": "0beb8c93-4436-481b-9f47-ca8b480b489c-attachment.txt", "type": "text/plain"}], "start": 1621230879381, "stop": 1621230901755, "uuid": "73520608-3504-4653-80ec-2f939e23e672", "historyId": "78697f3ed8bf412f56cc902f7b8b8a89", "testCaseId": "a6381862e50a96ac0fd098492271ff1a", "fullName": "test_main.TestClass#test_Nankai_University_demo", "labels": [{"name": "story", "value": "南开大学"}, {"name": "feature", "value": "验证演示环境各链接是否活跃"}, {"name": "suite", "value": "test_main"}, {"name": "subSuite", "value": "TestClass"}, {"name": "host", "value": "AliYun"}, {"name": "thread", "value": "7697-MainThread"}, {"name": "framework", "value": "pytest"}, {"name": "language", "value": "cpython3"}, {"name": "package", "value": "test_main"}]}