{
  "uid" : "18015076f67b8908",
  "name" : "test_Nankai_University_demo",
  "fullName" : "test_main.TestClass#test_Nankai_University_demo",
  "historyId" : "78697f3ed8bf412f56cc902f7b8b8a89",
  "time" : {
    "start" : 1621228396252,
    "stop" : 1621228418586,
    "duration" : 22334
  },
  "status" : "broken",
  "statusMessage" : "selenium.common.exceptions.TimeoutException: Message: username not find",
  "statusTrace" : "self = <test_main.TestClass object at 0x7fe3a6918040>\n\n    @allure.story(load_dict[2]['name'])\n    def test_Nankai_University_demo(self):\n        username = 'n=>username'\n        pwd = 'n=>userpass'\n        btn = 'c=>login-form-btn'\n        assert_element = 'x=>/html/body/div[1]/div[1]/div/div[1]/div/div/ul/li[1]/a/span/span[2]'\n>       self.verify(2, username, pwd, btn, assert_element)\n\ntest_main.py:82: \n_ _ _ _ _ _ _ _ _ _ _ _ _ _ _ _ _ _ _ _ _ _ _ _ _ _ _ _ _ _ _ _ _ _ _ _ _ _ _ _ _ _ _ _ _ _ _ _ _ _ _ _ _ _ _ _ _ _ _ _ _ _ _ _ _ _ _ _ _ _ _ _ _ _ _ _ _ _ _ _ _ _ _ _ _ _ _ _ _ _ _ _ _ _ _ _ _ _ _ _ _ _ _ _ _ _ _ _ _ _ _ _ _ _ _ _ _ _ _ _ _ _ _ _\ntest_main.py:46: in verify\n    wait_element(self.browser.driver, 20, 1, username_type, username_value)\nframework/base_page.py:23: in wait_element\n    wait.until(EC.visibility_of_element_located(locator=(By.NAME, selector)), \"%s not find\" % selector)\n_ _ _ _ _ _ _ _ _ _ _ _ _ _ _ _ _ _ _ _ _ _ _ _ _ _ _ _ _ _ _ _ _ _ _ _ _ _ _ _ _ _ _ _ _ _ _ _ _ _ _ _ _ _ _ _ _ _ _ _ _ _ _ _ _ _ _ _ _ _ _ _ _ _ _ _ _ _ _ _ _ _ _ _ _ _ _ _ _ _ _ _ _ _ _ _ _ _ _ _ _ _ _ _ _ _ _ _ _ _ _ _ _ _ _ _ _ _ _ _ _ _ _ _\n\nself = <selenium.webdriver.support.wait.WebDriverWait (session=\"28d813b7be771a380d5fee1ee441814d\")>, method = <selenium.webdriver.support.expected_conditions.visibility_of_element_located object at 0x7fe3a68ea1f0>, message = 'username not find'\n\n    def until(self, method, message=''):\n        \"\"\"Calls the method provided with the driver as an argument until the \\\n        return value is not False.\"\"\"\n        screen = None\n        stacktrace = None\n    \n        end_time = time.time() + self._timeout\n        while True:\n            try:\n                value = method(self._driver)\n                if value:\n                    return value\n            except self._ignored_exceptions as exc:\n                screen = getattr(exc, 'screen', None)\n                stacktrace = getattr(exc, 'stacktrace', None)\n            time.sleep(self._poll)\n            if time.time() > end_time:\n                break\n>       raise TimeoutException(message, screen, stacktrace)\nE       selenium.common.exceptions.TimeoutException: Message: username not find\n\n/root/anaconda3/envs/demo_env_autotest/lib/python3.8/site-packages/selenium/webdriver/support/wait.py:80: TimeoutException",
  "flaky" : false,
  "newFailed" : false,
  "beforeStages" : [ {
    "name" : "xunit_setup_class_fixture_TestClass",
    "time" : {
      "start" : 1621228390009,
      "stop" : 1621228391257,
      "duration" : 1248
    },
    "status" : "passed",
    "steps" : [ ],
    "attachments" : [ ],
    "parameters" : [ ],
    "stepsCount" : 0,
    "attachmentsCount" : 0,
    "shouldDisplayMessage" : false,
    "hasContent" : false
  } ],
  "testStage" : {
    "status" : "broken",
    "statusMessage" : "selenium.common.exceptions.TimeoutException: Message: username not find",
    "statusTrace" : "self = <test_main.TestClass object at 0x7fe3a6918040>\n\n    @allure.story(load_dict[2]['name'])\n    def test_Nankai_University_demo(self):\n        username = 'n=>username'\n        pwd = 'n=>userpass'\n        btn = 'c=>login-form-btn'\n        assert_element = 'x=>/html/body/div[1]/div[1]/div/div[1]/div/div/ul/li[1]/a/span/span[2]'\n>       self.verify(2, username, pwd, btn, assert_element)\n\ntest_main.py:82: \n_ _ _ _ _ _ _ _ _ _ _ _ _ _ _ _ _ _ _ _ _ _ _ _ _ _ _ _ _ _ _ _ _ _ _ _ _ _ _ _ _ _ _ _ _ _ _ _ _ _ _ _ _ _ _ _ _ _ _ _ _ _ _ _ _ _ _ _ _ _ _ _ _ _ _ _ _ _ _ _ _ _ _ _ _ _ _ _ _ _ _ _ _ _ _ _ _ _ _ _ _ _ _ _ _ _ _ _ _ _ _ _ _ _ _ _ _ _ _ _ _ _ _ _\ntest_main.py:46: in verify\n    wait_element(self.browser.driver, 20, 1, username_type, username_value)\nframework/base_page.py:23: in wait_element\n    wait.until(EC.visibility_of_element_located(locator=(By.NAME, selector)), \"%s not find\" % selector)\n_ _ _ _ _ _ _ _ _ _ _ _ _ _ _ _ _ _ _ _ _ _ _ _ _ _ _ _ _ _ _ _ _ _ _ _ _ _ _ _ _ _ _ _ _ _ _ _ _ _ _ _ _ _ _ _ _ _ _ _ _ _ _ _ _ _ _ _ _ _ _ _ _ _ _ _ _ _ _ _ _ _ _ _ _ _ _ _ _ _ _ _ _ _ _ _ _ _ _ _ _ _ _ _ _ _ _ _ _ _ _ _ _ _ _ _ _ _ _ _ _ _ _ _\n\nself = <selenium.webdriver.support.wait.WebDriverWait (session=\"28d813b7be771a380d5fee1ee441814d\")>, method = <selenium.webdriver.support.expected_conditions.visibility_of_element_located object at 0x7fe3a68ea1f0>, message = 'username not find'\n\n    def until(self, method, message=''):\n        \"\"\"Calls the method provided with the driver as an argument until the \\\n        return value is not False.\"\"\"\n        screen = None\n        stacktrace = None\n    \n        end_time = time.time() + self._timeout\n        while True:\n            try:\n                value = method(self._driver)\n                if value:\n                    return value\n            except self._ignored_exceptions as exc:\n                screen = getattr(exc, 'screen', None)\n                stacktrace = getattr(exc, 'stacktrace', None)\n            time.sleep(self._poll)\n            if time.time() > end_time:\n                break\n>       raise TimeoutException(message, screen, stacktrace)\nE       selenium.common.exceptions.TimeoutException: Message: username not find\n\n/root/anaconda3/envs/demo_env_autotest/lib/python3.8/site-packages/selenium/webdriver/support/wait.py:80: TimeoutException",
    "steps" : [ {
      "name" : "打开浏览器",
      "time" : {
        "start" : 1621228396252,
        "stop" : 1621228397395,
        "duration" : 1143
      },
      "status" : "passed",
      "steps" : [ ],
      "attachments" : [ {
        "uid" : "c2c4fa441ca8dd6a",
        "name" : "操作信息",
        "source" : "c2c4fa441ca8dd6a.attach",
        "type" : "text/plain",
        "size" : 166
      } ],
      "parameters" : [ {
        "name" : "url",
        "value" : "'http://122.112.243.85:9376/index/index/index/site_id/48'"
      } ],
      "stepsCount" : 0,
      "attachmentsCount" : 1,
      "shouldDisplayMessage" : false,
      "hasContent" : true
    }, {
      "name" : "等待元素",
      "time" : {
        "start" : 1621228397395,
        "stop" : 1621228418585,
        "duration" : 21190
      },
      "status" : "broken",
      "statusMessage" : "selenium.common.exceptions.TimeoutException: Message: username not find\n\n",
      "statusTrace" : "  File \"/root/anaconda3/envs/demo_env_autotest/lib/python3.8/site-packages/allure_commons/_allure.py\", line 172, in impl\n    return func(*a, **kw)\n  File \"/root/ceshibu/demo_environment_automation/framework/base_page.py\", line 23, in wait_element\n    wait.until(EC.visibility_of_element_located(locator=(By.NAME, selector)), \"%s not find\" % selector)\n  File \"/root/anaconda3/envs/demo_env_autotest/lib/python3.8/site-packages/selenium/webdriver/support/wait.py\", line 80, in until\n    raise TimeoutException(message, screen, stacktrace)\n",
      "steps" : [ ],
      "attachments" : [ {
        "uid" : "5fbb59dd0b998e7c",
        "name" : "操作信息",
        "source" : "5fbb59dd0b998e7c.attach",
        "type" : "text/plain",
        "size" : 74
      } ],
      "parameters" : [ {
        "name" : "driver",
        "value" : "<selenium.webdriver.chrome.webdriver.WebDriver (session=\"28d813b7be771a380d5fee1ee441814d\")>"
      }, {
        "name" : "wait_time",
        "value" : "20"
      }, {
        "name" : "step",
        "value" : "1"
      }, {
        "name" : "selector_tpye",
        "value" : "'n'"
      }, {
        "name" : "selector",
        "value" : "'username'"
      } ],
      "stepsCount" : 0,
      "attachmentsCount" : 1,
      "shouldDisplayMessage" : true,
      "hasContent" : true
    } ],
    "attachments" : [ {
      "uid" : "39cbd0680cdcdf59",
      "name" : "log",
      "source" : "39cbd0680cdcdf59.txt",
      "type" : "text/plain",
      "size" : 501
    }, {
      "uid" : "cbd134270955bafa",
      "name" : "stderr",
      "source" : "cbd134270955bafa.txt",
      "type" : "text/plain",
      "size" : 482
    } ],
    "parameters" : [ ],
    "stepsCount" : 2,
    "attachmentsCount" : 4,
    "shouldDisplayMessage" : true,
    "hasContent" : true
  },
  "afterStages" : [ {
    "name" : "xunit_setup_class_fixture_TestClass::0",
    "time" : {
      "start" : 1621228723575,
      "stop" : 1621228723650,
      "duration" : 75
    },
    "status" : "passed",
    "steps" : [ ],
    "attachments" : [ ],
    "parameters" : [ ],
    "stepsCount" : 0,
    "attachmentsCount" : 0,
    "shouldDisplayMessage" : false,
    "hasContent" : false
  } ],
  "labels" : [ {
    "name" : "story",
    "value" : "南开大学"
  }, {
    "name" : "feature",
    "value" : "验证演示环境各链接是否活跃"
  }, {
    "name" : "suite",
    "value" : "test_main"
  }, {
    "name" : "subSuite",
    "value" : "TestClass"
  }, {
    "name" : "host",
    "value" : "AliYun"
  }, {
    "name" : "thread",
    "value" : "26298-MainThread"
  }, {
    "name" : "framework",
    "value" : "pytest"
  }, {
    "name" : "language",
    "value" : "cpython3"
  }, {
    "name" : "package",
    "value" : "test_main"
  }, {
    "name" : "resultFormat",
    "value" : "allure2"
  } ],
  "parameters" : [ ],
  "links" : [ ],
  "hidden" : true,
  "retry" : true,
  "extra" : {
    "categories" : [ ],
    "tags" : [ ]
  },
  "source" : "18015076f67b8908.json",
  "parameterValues" : [ ]
}