{
  "uid" : "1817653971acce0e",
  "name" : "test_Sichuan_Vocational_College_of_Mechanical_and_Electrical_Technology_demo",
  "fullName" : "test_main.TestClass#test_Sichuan_Vocational_College_of_Mechanical_and_Electrical_Technology_demo",
  "historyId" : "efbd48587e6dca6291a7b500b6c1127c",
  "time" : {
    "start" : 1621222142181,
    "stop" : 1621222165906,
    "duration" : 23725
  },
  "status" : "broken",
  "statusMessage" : "selenium.common.exceptions.TimeoutException: Message: username not find",
  "statusTrace" : "self = <test_main.TestClass object at 0x7f45d7f51670>\n\n    @allure.story(load_dict[11]['name'])\n    def test_Sichuan_Vocational_College_of_Mechanical_and_Electrical_Technology_demo(self):\n        username = 'n=>username'\n        pwd = 'n=>userpass'\n        btn = 'c=>login-form-btn'\n        assert_element = 'c=>head_litterTitle'\n>       self.verify(11, username, pwd, btn, assert_element)\n\ntest_main.py:181: \n_ _ _ _ _ _ _ _ _ _ _ _ _ _ _ _ _ _ _ _ _ _ _ _ _ _ _ _ _ _ _ _ _ _ _ _ _ _ _ _ _ _ _ _ _ _ _ _ _ _ _ _ _ _ _ _ _ _ _ _ _ _ _ _ _ _ _ _ _ _ _ _ _ _ _ _ _ _ _ _ _ _ _ _ _ _ _ _ _ _ _ _ _ _ _ _ _ _ _ _ _ _ _ _ _ _ _ _ _ _ _ _ _ _ _ _ _ _ _ _ _ _ _ _\ntest_main.py:46: in verify\n    wait_element(self.browser.driver, 20, 1, username_type, username_value)\nframework/base_page.py:23: in wait_element\n    wait.until(EC.visibility_of_element_located(locator=(By.NAME, selector)), \"%s not find\" % selector)\n_ _ _ _ _ _ _ _ _ _ _ _ _ _ _ _ _ _ _ _ _ _ _ _ _ _ _ _ _ _ _ _ _ _ _ _ _ _ _ _ _ _ _ _ _ _ _ _ _ _ _ _ _ _ _ _ _ _ _ _ _ _ _ _ _ _ _ _ _ _ _ _ _ _ _ _ _ _ _ _ _ _ _ _ _ _ _ _ _ _ _ _ _ _ _ _ _ _ _ _ _ _ _ _ _ _ _ _ _ _ _ _ _ _ _ _ _ _ _ _ _ _ _ _\n\nself = <selenium.webdriver.support.wait.WebDriverWait (session=\"89179dace6c46a0aa7a850b3c9457f75\")>, method = <selenium.webdriver.support.expected_conditions.visibility_of_element_located object at 0x7f45d7f519d0>, message = 'username not find'\n\n    def until(self, method, message=''):\n        \"\"\"Calls the method provided with the driver as an argument until the \\\n        return value is not False.\"\"\"\n        screen = None\n        stacktrace = None\n    \n        end_time = time.time() + self._timeout\n        while True:\n            try:\n                value = method(self._driver)\n                if value:\n                    return value\n            except self._ignored_exceptions as exc:\n                screen = getattr(exc, 'screen', None)\n                stacktrace = getattr(exc, 'stacktrace', None)\n            time.sleep(self._poll)\n            if time.time() > end_time:\n                break\n>       raise TimeoutException(message, screen, stacktrace)\nE       selenium.common.exceptions.TimeoutException: Message: username not find\n\n/root/anaconda3/envs/demo_env_autotest/lib/python3.8/site-packages/selenium/webdriver/support/wait.py:80: TimeoutException",
  "flaky" : false,
  "newFailed" : false,
  "beforeStages" : [ {
    "name" : "xunit_setup_class_fixture_TestClass",
    "time" : {
      "start" : 1621221830846,
      "stop" : 1621221832097,
      "duration" : 1251
    },
    "status" : "passed",
    "steps" : [ ],
    "attachments" : [ ],
    "parameters" : [ ],
    "stepsCount" : 0,
    "attachmentsCount" : 0,
    "shouldDisplayMessage" : false,
    "hasContent" : false
  } ],
  "testStage" : {
    "status" : "broken",
    "statusMessage" : "selenium.common.exceptions.TimeoutException: Message: username not find",
    "statusTrace" : "self = <test_main.TestClass object at 0x7f45d7f51670>\n\n    @allure.story(load_dict[11]['name'])\n    def test_Sichuan_Vocational_College_of_Mechanical_and_Electrical_Technology_demo(self):\n        username = 'n=>username'\n        pwd = 'n=>userpass'\n        btn = 'c=>login-form-btn'\n        assert_element = 'c=>head_litterTitle'\n>       self.verify(11, username, pwd, btn, assert_element)\n\ntest_main.py:181: \n_ _ _ _ _ _ _ _ _ _ _ _ _ _ _ _ _ _ _ _ _ _ _ _ _ _ _ _ _ _ _ _ _ _ _ _ _ _ _ _ _ _ _ _ _ _ _ _ _ _ _ _ _ _ _ _ _ _ _ _ _ _ _ _ _ _ _ _ _ _ _ _ _ _ _ _ _ _ _ _ _ _ _ _ _ _ _ _ _ _ _ _ _ _ _ _ _ _ _ _ _ _ _ _ _ _ _ _ _ _ _ _ _ _ _ _ _ _ _ _ _ _ _ _\ntest_main.py:46: in verify\n    wait_element(self.browser.driver, 20, 1, username_type, username_value)\nframework/base_page.py:23: in wait_element\n    wait.until(EC.visibility_of_element_located(locator=(By.NAME, selector)), \"%s not find\" % selector)\n_ _ _ _ _ _ _ _ _ _ _ _ _ _ _ _ _ _ _ _ _ _ _ _ _ _ _ _ _ _ _ _ _ _ _ _ _ _ _ _ _ _ _ _ _ _ _ _ _ _ _ _ _ _ _ _ _ _ _ _ _ _ _ _ _ _ _ _ _ _ _ _ _ _ _ _ _ _ _ _ _ _ _ _ _ _ _ _ _ _ _ _ _ _ _ _ _ _ _ _ _ _ _ _ _ _ _ _ _ _ _ _ _ _ _ _ _ _ _ _ _ _ _ _\n\nself = <selenium.webdriver.support.wait.WebDriverWait (session=\"89179dace6c46a0aa7a850b3c9457f75\")>, method = <selenium.webdriver.support.expected_conditions.visibility_of_element_located object at 0x7f45d7f519d0>, message = 'username not find'\n\n    def until(self, method, message=''):\n        \"\"\"Calls the method provided with the driver as an argument until the \\\n        return value is not False.\"\"\"\n        screen = None\n        stacktrace = None\n    \n        end_time = time.time() + self._timeout\n        while True:\n            try:\n                value = method(self._driver)\n                if value:\n                    return value\n            except self._ignored_exceptions as exc:\n                screen = getattr(exc, 'screen', None)\n                stacktrace = getattr(exc, 'stacktrace', None)\n            time.sleep(self._poll)\n            if time.time() > end_time:\n                break\n>       raise TimeoutException(message, screen, stacktrace)\nE       selenium.common.exceptions.TimeoutException: Message: username not find\n\n/root/anaconda3/envs/demo_env_autotest/lib/python3.8/site-packages/selenium/webdriver/support/wait.py:80: TimeoutException",
    "steps" : [ {
      "name" : "打开浏览器",
      "time" : {
        "start" : 1621222142181,
        "stop" : 1621222144729,
        "duration" : 2548
      },
      "status" : "passed",
      "steps" : [ ],
      "attachments" : [ {
        "uid" : "75530c70b601ab9c",
        "name" : "操作信息",
        "source" : "75530c70b601ab9c.attach",
        "type" : "text/plain",
        "size" : 166
      } ],
      "parameters" : [ {
        "name" : "url",
        "value" : "'http://122.112.243.85:9375/index/index/index/site_id/28'"
      } ],
      "stepsCount" : 0,
      "attachmentsCount" : 1,
      "shouldDisplayMessage" : false,
      "hasContent" : true
    }, {
      "name" : "等待元素",
      "time" : {
        "start" : 1621222144729,
        "stop" : 1621222165905,
        "duration" : 21176
      },
      "status" : "broken",
      "statusMessage" : "selenium.common.exceptions.TimeoutException: Message: username not find\n\n",
      "statusTrace" : "  File \"/root/anaconda3/envs/demo_env_autotest/lib/python3.8/site-packages/allure_commons/_allure.py\", line 172, in impl\n    return func(*a, **kw)\n  File \"/root/ceshibu/demo_environment_automation/framework/base_page.py\", line 23, in wait_element\n    wait.until(EC.visibility_of_element_located(locator=(By.NAME, selector)), \"%s not find\" % selector)\n  File \"/root/anaconda3/envs/demo_env_autotest/lib/python3.8/site-packages/selenium/webdriver/support/wait.py\", line 80, in until\n    raise TimeoutException(message, screen, stacktrace)\n",
      "steps" : [ ],
      "attachments" : [ {
        "uid" : "5bf46ceb9833d610",
        "name" : "操作信息",
        "source" : "5bf46ceb9833d610.attach",
        "type" : "text/plain",
        "size" : 74
      } ],
      "parameters" : [ {
        "name" : "driver",
        "value" : "<selenium.webdriver.chrome.webdriver.WebDriver (session=\"89179dace6c46a0aa7a850b3c9457f75\")>"
      }, {
        "name" : "wait_time",
        "value" : "20"
      }, {
        "name" : "step",
        "value" : "1"
      }, {
        "name" : "selector_tpye",
        "value" : "'n'"
      }, {
        "name" : "selector",
        "value" : "'username'"
      } ],
      "stepsCount" : 0,
      "attachmentsCount" : 1,
      "shouldDisplayMessage" : true,
      "hasContent" : true
    } ],
    "attachments" : [ {
      "uid" : "c8f55aa2d9e16224",
      "name" : "log",
      "source" : "c8f55aa2d9e16224.txt",
      "type" : "text/plain",
      "size" : 567
    }, {
      "uid" : "3948b460e4f78d19",
      "name" : "stderr",
      "source" : "3948b460e4f78d19.txt",
      "type" : "text/plain",
      "size" : 549
    } ],
    "parameters" : [ ],
    "stepsCount" : 2,
    "attachmentsCount" : 4,
    "shouldDisplayMessage" : true,
    "hasContent" : true
  },
  "afterStages" : [ {
    "name" : "xunit_setup_class_fixture_TestClass::0",
    "time" : {
      "start" : 1621222165939,
      "stop" : 1621222166016,
      "duration" : 77
    },
    "status" : "passed",
    "steps" : [ ],
    "attachments" : [ ],
    "parameters" : [ ],
    "stepsCount" : 0,
    "attachmentsCount" : 0,
    "shouldDisplayMessage" : false,
    "hasContent" : false
  } ],
  "labels" : [ {
    "name" : "feature",
    "value" : "验证演示环境各链接是否活跃"
  }, {
    "name" : "story",
    "value" : "四川机电职业技术学院"
  }, {
    "name" : "suite",
    "value" : "test_main"
  }, {
    "name" : "subSuite",
    "value" : "TestClass"
  }, {
    "name" : "host",
    "value" : "AliYun"
  }, {
    "name" : "thread",
    "value" : "2558-MainThread"
  }, {
    "name" : "framework",
    "value" : "pytest"
  }, {
    "name" : "language",
    "value" : "cpython3"
  }, {
    "name" : "package",
    "value" : "test_main"
  }, {
    "name" : "resultFormat",
    "value" : "allure2"
  } ],
  "parameters" : [ ],
  "links" : [ ],
  "hidden" : true,
  "retry" : true,
  "extra" : {
    "categories" : [ ],
    "tags" : [ ]
  },
  "source" : "1817653971acce0e.json",
  "parameterValues" : [ ]
}