{
  "uid" : "def710ba07eebc1e",
  "name" : "test_Beijing_Institute_of_Technology_demo",
  "fullName" : "test_main.TestClass#test_Beijing_Institute_of_Technology_demo",
  "historyId" : "9c9bdeb484454ca06decc2e48094ff50",
  "time" : {
    "start" : 1621230568113,
    "stop" : 1621230591697,
    "duration" : 23584
  },
  "status" : "broken",
  "statusMessage" : "selenium.common.exceptions.TimeoutException: Message: /html/body/div/div/div[1]/div[2]/div/form/div[1]/div/div[1]/input not find",
  "statusTrace" : "self = <test_main.TestClass object at 0x7f0c482d00a0>\n\n    @allure.story(load_dict[9]['name'])\n    def test_Beijing_Institute_of_Technology_demo(self):\n        username = 'x=>/html/body/div/div/div[1]/div[2]/div/form/div[1]/div/div[1]/input'\n        pwd = 'x=>/html/body/div/div/div[1]/div[2]/div/form/div[2]/div/div[1]/input'\n        btn = 'x=>/html/body/div/div/div[1]/div[2]/div/div/div/button/span/span'\n        assert_element = 'x=>/html/body/div[1]/div[2]/div[1]/div/ul/li[1]/a'\n>       self.verify(9, username, pwd, btn, assert_element)\n\ntest_main.py:165: \n_ _ _ _ _ _ _ _ _ _ _ _ _ _ _ _ _ _ _ _ _ _ _ _ _ _ _ _ _ _ _ _ _ _ _ _ _ _ _ _ _ _ _ _ _ _ _ _ _ _ _ _ _ _ _ _ _ _ _ _ _ _ _ _ _ _ _ _ _ _ _ _ _ _ _ _ _ _ _ _ _ _ _ _ _ _ _ _ _ _ _ _ _ _ _ _ _ _ _ _ _ _ _ _ _ _ _ _ _ _ _ _ _ _ _ _ _ _ _ _ _ _ _ _\ntest_main.py:46: in verify\n    wait_element(self.browser.driver, 20, 1, username_type, username_value)\nframework/base_page.py:21: in wait_element\n    wait.until(EC.visibility_of_element_located((By.XPATH, selector)), \"%s not find\" % selector)\n_ _ _ _ _ _ _ _ _ _ _ _ _ _ _ _ _ _ _ _ _ _ _ _ _ _ _ _ _ _ _ _ _ _ _ _ _ _ _ _ _ _ _ _ _ _ _ _ _ _ _ _ _ _ _ _ _ _ _ _ _ _ _ _ _ _ _ _ _ _ _ _ _ _ _ _ _ _ _ _ _ _ _ _ _ _ _ _ _ _ _ _ _ _ _ _ _ _ _ _ _ _ _ _ _ _ _ _ _ _ _ _ _ _ _ _ _ _ _ _ _ _ _ _\n\nself = <selenium.webdriver.support.wait.WebDriverWait (session=\"31401126dab91a2216fb60f711917889\")>, method = <selenium.webdriver.support.expected_conditions.visibility_of_element_located object at 0x7f0c4853f610>\nmessage = '/html/body/div/div/div[1]/div[2]/div/form/div[1]/div/div[1]/input not find'\n\n    def until(self, method, message=''):\n        \"\"\"Calls the method provided with the driver as an argument until the \\\n        return value is not False.\"\"\"\n        screen = None\n        stacktrace = None\n    \n        end_time = time.time() + self._timeout\n        while True:\n            try:\n                value = method(self._driver)\n                if value:\n                    return value\n            except self._ignored_exceptions as exc:\n                screen = getattr(exc, 'screen', None)\n                stacktrace = getattr(exc, 'stacktrace', None)\n            time.sleep(self._poll)\n            if time.time() > end_time:\n                break\n>       raise TimeoutException(message, screen, stacktrace)\nE       selenium.common.exceptions.TimeoutException: Message: /html/body/div/div/div[1]/div[2]/div/form/div[1]/div/div[1]/input not find\n\n/root/anaconda3/envs/demo_env_autotest/lib/python3.8/site-packages/selenium/webdriver/support/wait.py:80: TimeoutException",
  "flaky" : false,
  "newFailed" : false,
  "beforeStages" : [ {
    "name" : "xunit_setup_class_fixture_TestClass",
    "time" : {
      "start" : 1621230285328,
      "stop" : 1621230286583,
      "duration" : 1255
    },
    "status" : "passed",
    "steps" : [ ],
    "attachments" : [ ],
    "parameters" : [ ],
    "stepsCount" : 0,
    "attachmentsCount" : 0,
    "shouldDisplayMessage" : false,
    "hasContent" : false
  } ],
  "testStage" : {
    "status" : "broken",
    "statusMessage" : "selenium.common.exceptions.TimeoutException: Message: /html/body/div/div/div[1]/div[2]/div/form/div[1]/div/div[1]/input not find",
    "statusTrace" : "self = <test_main.TestClass object at 0x7f0c482d00a0>\n\n    @allure.story(load_dict[9]['name'])\n    def test_Beijing_Institute_of_Technology_demo(self):\n        username = 'x=>/html/body/div/div/div[1]/div[2]/div/form/div[1]/div/div[1]/input'\n        pwd = 'x=>/html/body/div/div/div[1]/div[2]/div/form/div[2]/div/div[1]/input'\n        btn = 'x=>/html/body/div/div/div[1]/div[2]/div/div/div/button/span/span'\n        assert_element = 'x=>/html/body/div[1]/div[2]/div[1]/div/ul/li[1]/a'\n>       self.verify(9, username, pwd, btn, assert_element)\n\ntest_main.py:165: \n_ _ _ _ _ _ _ _ _ _ _ _ _ _ _ _ _ _ _ _ _ _ _ _ _ _ _ _ _ _ _ _ _ _ _ _ _ _ _ _ _ _ _ _ _ _ _ _ _ _ _ _ _ _ _ _ _ _ _ _ _ _ _ _ _ _ _ _ _ _ _ _ _ _ _ _ _ _ _ _ _ _ _ _ _ _ _ _ _ _ _ _ _ _ _ _ _ _ _ _ _ _ _ _ _ _ _ _ _ _ _ _ _ _ _ _ _ _ _ _ _ _ _ _\ntest_main.py:46: in verify\n    wait_element(self.browser.driver, 20, 1, username_type, username_value)\nframework/base_page.py:21: in wait_element\n    wait.until(EC.visibility_of_element_located((By.XPATH, selector)), \"%s not find\" % selector)\n_ _ _ _ _ _ _ _ _ _ _ _ _ _ _ _ _ _ _ _ _ _ _ _ _ _ _ _ _ _ _ _ _ _ _ _ _ _ _ _ _ _ _ _ _ _ _ _ _ _ _ _ _ _ _ _ _ _ _ _ _ _ _ _ _ _ _ _ _ _ _ _ _ _ _ _ _ _ _ _ _ _ _ _ _ _ _ _ _ _ _ _ _ _ _ _ _ _ _ _ _ _ _ _ _ _ _ _ _ _ _ _ _ _ _ _ _ _ _ _ _ _ _ _\n\nself = <selenium.webdriver.support.wait.WebDriverWait (session=\"31401126dab91a2216fb60f711917889\")>, method = <selenium.webdriver.support.expected_conditions.visibility_of_element_located object at 0x7f0c4853f610>\nmessage = '/html/body/div/div/div[1]/div[2]/div/form/div[1]/div/div[1]/input not find'\n\n    def until(self, method, message=''):\n        \"\"\"Calls the method provided with the driver as an argument until the \\\n        return value is not False.\"\"\"\n        screen = None\n        stacktrace = None\n    \n        end_time = time.time() + self._timeout\n        while True:\n            try:\n                value = method(self._driver)\n                if value:\n                    return value\n            except self._ignored_exceptions as exc:\n                screen = getattr(exc, 'screen', None)\n                stacktrace = getattr(exc, 'stacktrace', None)\n            time.sleep(self._poll)\n            if time.time() > end_time:\n                break\n>       raise TimeoutException(message, screen, stacktrace)\nE       selenium.common.exceptions.TimeoutException: Message: /html/body/div/div/div[1]/div[2]/div/form/div[1]/div/div[1]/input not find\n\n/root/anaconda3/envs/demo_env_autotest/lib/python3.8/site-packages/selenium/webdriver/support/wait.py:80: TimeoutException",
    "steps" : [ {
      "name" : "打开浏览器",
      "time" : {
        "start" : 1621230568113,
        "stop" : 1621230570456,
        "duration" : 2343
      },
      "status" : "passed",
      "steps" : [ ],
      "attachments" : [ {
        "uid" : "6326a13d23338690",
        "name" : "操作信息",
        "source" : "6326a13d23338690.attach",
        "type" : "text/plain",
        "size" : 148
      } ],
      "parameters" : [ {
        "name" : "url",
        "value" : "'http://122.112.243.85:8089?site_id=35'"
      } ],
      "stepsCount" : 0,
      "attachmentsCount" : 1,
      "shouldDisplayMessage" : false,
      "hasContent" : true
    }, {
      "name" : "等待元素",
      "time" : {
        "start" : 1621230570456,
        "stop" : 1621230591696,
        "duration" : 21240
      },
      "status" : "broken",
      "statusMessage" : "selenium.common.exceptions.TimeoutException: Message: /html/body/div/div/div[1]/div[2]/div/form/div[1]/div/div[1]/input not find\n\n",
      "statusTrace" : "  File \"/root/anaconda3/envs/demo_env_autotest/lib/python3.8/site-packages/allure_commons/_allure.py\", line 172, in impl\n    return func(*a, **kw)\n  File \"/root/ceshibu/demo_environment_automation/framework/base_page.py\", line 21, in wait_element\n    wait.until(EC.visibility_of_element_located((By.XPATH, selector)), \"%s not find\" % selector)\n  File \"/root/anaconda3/envs/demo_env_autotest/lib/python3.8/site-packages/selenium/webdriver/support/wait.py\", line 80, in until\n    raise TimeoutException(message, screen, stacktrace)\n",
      "steps" : [ ],
      "attachments" : [ {
        "uid" : "241b75ae8a7666ab",
        "name" : "操作信息",
        "source" : "241b75ae8a7666ab.attach",
        "type" : "text/plain",
        "size" : 131
      } ],
      "parameters" : [ {
        "name" : "driver",
        "value" : "<selenium.webdriver.chrome.webdriver.WebDriver (session=\"31401126dab91a2216fb60f711917889\")>"
      }, {
        "name" : "wait_time",
        "value" : "20"
      }, {
        "name" : "step",
        "value" : "1"
      }, {
        "name" : "selector_tpye",
        "value" : "'x'"
      }, {
        "name" : "selector",
        "value" : "'/html/body/div/div/div[1]/div[2]/div/form/div[1]/div/div[1]/input'"
      } ],
      "stepsCount" : 0,
      "attachmentsCount" : 1,
      "shouldDisplayMessage" : true,
      "hasContent" : true
    } ],
    "attachments" : [ {
      "uid" : "6f7d5065bd5342c5",
      "name" : "log",
      "source" : "6f7d5065bd5342c5.txt",
      "type" : "text/plain",
      "size" : 465
    }, {
      "uid" : "aaf668b7c04b800c",
      "name" : "stderr",
      "source" : "aaf668b7c04b800c.txt",
      "type" : "text/plain",
      "size" : 446
    } ],
    "parameters" : [ ],
    "stepsCount" : 2,
    "attachmentsCount" : 4,
    "shouldDisplayMessage" : true,
    "hasContent" : true
  },
  "afterStages" : [ {
    "name" : "xunit_setup_class_fixture_TestClass::0",
    "time" : {
      "start" : 1621230619607,
      "stop" : 1621230619678,
      "duration" : 71
    },
    "status" : "passed",
    "steps" : [ ],
    "attachments" : [ ],
    "parameters" : [ ],
    "stepsCount" : 0,
    "attachmentsCount" : 0,
    "shouldDisplayMessage" : false,
    "hasContent" : false
  } ],
  "labels" : [ {
    "name" : "feature",
    "value" : "验证演示环境各链接是否活跃"
  }, {
    "name" : "story",
    "value" : "北理工"
  }, {
    "name" : "suite",
    "value" : "test_main"
  }, {
    "name" : "subSuite",
    "value" : "TestClass"
  }, {
    "name" : "host",
    "value" : "AliYun"
  }, {
    "name" : "thread",
    "value" : "28865-MainThread"
  }, {
    "name" : "framework",
    "value" : "pytest"
  }, {
    "name" : "language",
    "value" : "cpython3"
  }, {
    "name" : "package",
    "value" : "test_main"
  }, {
    "name" : "resultFormat",
    "value" : "allure2"
  } ],
  "parameters" : [ ],
  "links" : [ ],
  "hidden" : true,
  "retry" : true,
  "extra" : {
    "categories" : [ ],
    "tags" : [ ]
  },
  "source" : "def710ba07eebc1e.json",
  "parameterValues" : [ ]
}